[ 2026-06-02 15:07:35,709 ] 21 - utils.utils - INFO - Successfully YAML file reading operation is done...
[ 2026-06-02 15:07:35,710 ] 158 - __main__ - INFO - Loading data from RAW Directory
[ 2026-06-02 15:07:35,724 ] 31 - utils.utils - INFO - Data loaded Successfully from path: C:\Users\aparn\OneDrive\Desktop\mlops_project\Data\CC_MLOps_project\Machine_Learning_MLOPS_Project\Machine_Learning_MLOPS_Project\artifacts\raw\train.csv
[ 2026-06-02 15:07:35,729 ] 31 - utils.utils - INFO - Data loaded Successfully from path: C:\Users\aparn\OneDrive\Desktop\mlops_project\Data\CC_MLOps_project\Machine_Learning_MLOPS_Project\Machine_Learning_MLOPS_Project\artifacts\raw\test.csv
[ 2026-06-02 15:07:35,752 ] 27 - __main__ - INFO - Preprocessing step is Started....!
[ 2026-06-02 15:07:35,759 ] 30 - __main__ - INFO - Duplicates Removed....!
[ 2026-06-02 15:07:35,759 ] 38 - __main__ - INFO - Duplicates Removed....!
[ 2026-06-02 15:07:35,760 ] 42 - __main__ - INFO - Time column coverted into Hour of the Day
[ 2026-06-02 15:07:35,760 ] 45 - __main__ - INFO - Skewness Process -> Started
[ 2026-06-02 15:07:35,767 ] 27 - __main__ - INFO - Preprocessing step is Started....!
[ 2026-06-02 15:07:35,773 ] 30 - __main__ - INFO - Duplicates Removed....!
[ 2026-06-02 15:07:35,774 ] 38 - __main__ - INFO - Duplicates Removed....!
[ 2026-06-02 15:07:35,774 ] 42 - __main__ - INFO - Time column coverted into Hour of the Day
[ 2026-06-02 15:07:35,774 ] 45 - __main__ - INFO - Skewness Process -> Started
[ 2026-06-02 15:07:35,779 ] 63 - __main__ - INFO - Handling Imbalanced Data
[ 2026-06-02 15:07:42,520 ] 80 - __main__ - INFO - Imbalanced Data is handled Successfully...
[ 2026-06-02 15:07:42,520 ] 91 - __main__ - INFO - Started with Feature Selection Process....
[ 2026-06-02 15:07:42,538 ] 126 - __main__ - INFO - Features Selected: <StringArray>
[   'V23',    'V18',    'V12',    'V22',    'V20',    'V21',     'V8',
    'V10', 'Amount',     'V4',    'V15',    'V24',     'V5',     'V7',
     'V1',    'V16',    'V27',    'V14',    'V19',     'V9']
Length: 20, dtype: str
[ 2026-06-02 15:07:42,540 ] 134 - __main__ - INFO - Feature Selection is done Successfully....
[ 2026-06-02 15:07:42,541 ] 146 - __main__ - INFO - Saving data from preprocessed folder....!
[ 2026-06-02 15:07:42,620 ] 150 - __main__ - INFO - Data Saved Successfully to C:\Users\aparn\OneDrive\Desktop\mlops_project\Data\CC_MLOps_project\Machine_Learning_MLOPS_Project\Machine_Learning_MLOPS_Project\artifacts\processed_data\processed_train_data.csv
[ 2026-06-02 15:07:42,620 ] 146 - __main__ - INFO - Saving data from preprocessed folder....!
[ 2026-06-02 15:07:42,635 ] 150 - __main__ - INFO - Data Saved Successfully to C:\Users\aparn\OneDrive\Desktop\mlops_project\Data\CC_MLOps_project\Machine_Learning_MLOPS_Project\Machine_Learning_MLOPS_Project\artifacts\processed_data\processed_test_data.csv
[ 2026-06-02 15:07:42,635 ] 188 - __main__ - INFO - Data Preprocessing is completed Successfully....!
